2021-03-29 09:29:56.0479|INFO|Microsoft.AspNetCore.DataProtection.KeyManagement.XmlKeyManager|User profile is available. Using 'C:\Users\Gaurav\AppData\Local\ASP.NET\DataProtection-Keys' as key repository and Windows DPAPI to encrypt keys at rest.
2021-03-29 09:29:57.3463|INFO|Microsoft.AspNetCore.Hosting.Internal.WebHost|Request starting HTTP/1.1 GET http://localhost:1028/  
2021-03-29 09:29:57.3463|INFO|Microsoft.AspNetCore.Hosting.Internal.WebHost|Request starting HTTP/1.1 DEBUG http://localhost:1028/  0
2021-03-29 09:29:57.4559|INFO|Microsoft.AspNetCore.Hosting.Internal.WebHost|Request finished in 106.171ms 200 
2021-03-29 09:29:57.8795|INFO|Microsoft.AspNetCore.Hosting.Internal.WebHost|Request finished in 457.8978ms 404 text/plain
2021-03-29 09:30:11.5541|INFO|Microsoft.AspNetCore.Hosting.Internal.WebHost|Request starting HTTP/1.1 GET http://localhost:1028/api/testdatabase  
2021-03-29 09:30:11.6236|INFO|Microsoft.AspNetCore.Mvc.Internal.ControllerActionInvoker|Route matched with {action = "TestDatabase", controller = "Dummy"}. Executing controller action with signature Microsoft.AspNetCore.Mvc.IActionResult TestDatabase() on controller SampleAPIProject.Controllers.DummyController (SampleAPIProject).
2021-03-29 09:30:26.6936|INFO|Microsoft.AspNetCore.Mvc.Internal.ControllerActionInvoker|Executed action SampleAPIProject.Controllers.DummyController.TestDatabase (SampleAPIProject) in 15051.437ms
2021-03-29 09:30:27.3642|ERROR|Microsoft.AspNetCore.Diagnostics.DeveloperExceptionPageMiddleware|An unhandled exception has occurred while executing the request.
2021-03-29 09:30:27.5618|INFO|Microsoft.AspNetCore.Hosting.Internal.WebHost|Request finished in 16000.5189ms 500 text/html; charset=utf-8
2021-03-29 09:31:34.6772|INFO|Microsoft.AspNetCore.DataProtection.KeyManagement.XmlKeyManager|User profile is available. Using 'C:\Users\Gaurav\AppData\Local\ASP.NET\DataProtection-Keys' as key repository and Windows DPAPI to encrypt keys at rest.
2021-03-29 09:31:35.4905|INFO|Microsoft.AspNetCore.Hosting.Internal.WebHost|Request starting HTTP/1.1 DEBUG http://localhost:1028/  0
2021-03-29 09:31:35.4905|INFO|Microsoft.AspNetCore.Hosting.Internal.WebHost|Request starting HTTP/1.1 GET http://localhost:1028/  
2021-03-29 09:31:35.5665|INFO|Microsoft.AspNetCore.Hosting.Internal.WebHost|Request finished in 66.7395ms 200 
2021-03-29 09:31:35.8045|INFO|Microsoft.AspNetCore.Hosting.Internal.WebHost|Request finished in 317.3811ms 404 text/plain
2021-03-29 09:31:42.4153|INFO|Microsoft.AspNetCore.Hosting.Internal.WebHost|Request starting HTTP/1.1 GET http://localhost:1028/api/testdatabase  
2021-03-29 09:31:42.4983|INFO|Microsoft.AspNetCore.Mvc.Internal.ControllerActionInvoker|Route matched with {action = "TestDatabase", controller = "Dummy"}. Executing controller action with signature Microsoft.AspNetCore.Mvc.IActionResult TestDatabase() on controller SampleAPIProject.Controllers.DummyController (SampleAPIProject).
2021-03-29 09:31:42.6489|INFO|Microsoft.AspNetCore.Mvc.Internal.ControllerActionInvoker|Executing action method SampleAPIProject.Controllers.DummyController.TestDatabase (SampleAPIProject) - Validation state: Valid
2021-03-29 09:31:42.6579|INFO|Microsoft.AspNetCore.Mvc.Internal.ControllerActionInvoker|Executed action method SampleAPIProject.Controllers.DummyController.TestDatabase (SampleAPIProject), returned result Microsoft.AspNetCore.Mvc.OkResult in 0.5623ms.
2021-03-29 09:31:42.6773|INFO|Microsoft.AspNetCore.Mvc.StatusCodeResult|Executing HttpStatusCodeResult, setting HTTP status code 200
2021-03-29 09:31:42.6773|INFO|Microsoft.AspNetCore.Mvc.Internal.ControllerActionInvoker|Executed action SampleAPIProject.Controllers.DummyController.TestDatabase (SampleAPIProject) in 179.8304ms
2021-03-29 09:31:42.7254|INFO|Microsoft.AspNetCore.Hosting.Internal.WebHost|Request finished in 309.0713ms 200 
2021-03-29 09:39:15.8561|INFO|Microsoft.EntityFrameworkCore.Infrastructure|Entity Framework Core 2.1.14-servicing-32113 initialized 'CityInfoContext' using provider 'Microsoft.EntityFrameworkCore.SqlServer' with options: None
2021-03-29 09:39:28.7147|INFO|Microsoft.EntityFrameworkCore.Database.Command|Executed DbCommand (1,370ms) [Parameters=[], CommandType='Text', CommandTimeout='60']
CREATE DATABASE [CityInfoDb];
2021-03-29 09:39:29.0414|INFO|Microsoft.EntityFrameworkCore.Database.Command|Executed DbCommand (322ms) [Parameters=[], CommandType='Text', CommandTimeout='60']
IF SERVERPROPERTY('EngineEdition') <> 5
BEGIN
    ALTER DATABASE [CityInfoDb] SET READ_COMMITTED_SNAPSHOT ON;
END;
2021-03-29 09:39:29.3685|INFO|Microsoft.EntityFrameworkCore.Database.Command|Executed DbCommand (82ms) [Parameters=[], CommandType='Text', CommandTimeout='30']
CREATE TABLE [Cities] (
    [Id] int NOT NULL IDENTITY,
    [Name] nvarchar(50) NOT NULL,
    [Description] nvarchar(200) NULL,
    CONSTRAINT [PK_Cities] PRIMARY KEY ([Id])
);
2021-03-29 09:39:29.4583|INFO|Microsoft.EntityFrameworkCore.Database.Command|Executed DbCommand (88ms) [Parameters=[], CommandType='Text', CommandTimeout='30']
CREATE TABLE [PointsOfInterest] (
    [Id] int NOT NULL IDENTITY,
    [Name] nvarchar(50) NOT NULL,
    [Description] nvarchar(200) NULL,
    [CityId] int NOT NULL,
    CONSTRAINT [PK_PointsOfInterest] PRIMARY KEY ([Id]),
    CONSTRAINT [FK_PointsOfInterest_Cities_CityId] FOREIGN KEY ([CityId]) REFERENCES [Cities] ([Id]) ON DELETE CASCADE
);
2021-03-29 09:39:29.4685|INFO|Microsoft.EntityFrameworkCore.Database.Command|Executed DbCommand (9ms) [Parameters=[], CommandType='Text', CommandTimeout='30']
CREATE INDEX [IX_PointsOfInterest_CityId] ON [PointsOfInterest] ([CityId]);
2021-03-29 09:40:41.1492|INFO|Microsoft.EntityFrameworkCore.Infrastructure|Entity Framework Core 2.1.14-servicing-32113 initialized 'CityInfoContext' using provider 'Microsoft.EntityFrameworkCore.SqlServer' with options: None
2021-03-29 09:40:41.6276|INFO|Microsoft.EntityFrameworkCore.Database.Command|Executed DbCommand (35ms) [Parameters=[], CommandType='Text', CommandTimeout='30']
SELECT OBJECT_ID(N'[__EFMigrationsHistory]');
2021-03-29 09:40:41.7530|INFO|Microsoft.EntityFrameworkCore.Database.Command|Executed DbCommand (38ms) [Parameters=[], CommandType='Text', CommandTimeout='30']
CREATE TABLE [__EFMigrationsHistory] (
    [MigrationId] nvarchar(150) NOT NULL,
    [ProductVersion] nvarchar(32) NOT NULL,
    CONSTRAINT [PK___EFMigrationsHistory] PRIMARY KEY ([MigrationId])
);
2021-03-29 09:40:41.7530|INFO|Microsoft.EntityFrameworkCore.Database.Command|Executed DbCommand (1ms) [Parameters=[], CommandType='Text', CommandTimeout='30']
SELECT OBJECT_ID(N'[__EFMigrationsHistory]');
2021-03-29 09:40:41.7530|INFO|Microsoft.EntityFrameworkCore.Database.Command|Executed DbCommand (1ms) [Parameters=[], CommandType='Text', CommandTimeout='30']
SELECT [MigrationId], [ProductVersion]
FROM [__EFMigrationsHistory]
ORDER BY [MigrationId];
2021-03-29 09:40:41.7530|INFO|Microsoft.EntityFrameworkCore.Migrations|Applying migration '20210329040929_CityInfoDBInitialigration'.
2021-03-29 09:40:41.9745|ERROR|Microsoft.EntityFrameworkCore.Database.Command|Failed executing DbCommand (82ms) [Parameters=[], CommandType='Text', CommandTimeout='30']
CREATE TABLE [Cities] (
    [Id] int NOT NULL IDENTITY,
    [Name] nvarchar(50) NOT NULL,
    [Description] nvarchar(200) NULL,
    CONSTRAINT [PK_Cities] PRIMARY KEY ([Id])
);
2021-03-29 09:46:44.8074|INFO|Microsoft.EntityFrameworkCore.Infrastructure|Entity Framework Core 2.1.14-servicing-32113 initialized 'CityInfoContext' using provider 'Microsoft.EntityFrameworkCore.SqlServer' with options: None
2021-03-29 09:47:01.1703|INFO|Microsoft.EntityFrameworkCore.Database.Command|Executed DbCommand (1,234ms) [Parameters=[], CommandType='Text', CommandTimeout='60']
CREATE DATABASE [CityInfoDb];
2021-03-29 09:47:01.4031|INFO|Microsoft.EntityFrameworkCore.Database.Command|Executed DbCommand (224ms) [Parameters=[], CommandType='Text', CommandTimeout='60']
IF SERVERPROPERTY('EngineEdition') <> 5
BEGIN
    ALTER DATABASE [CityInfoDb] SET READ_COMMITTED_SNAPSHOT ON;
END;
2021-03-29 09:47:01.5855|INFO|Microsoft.EntityFrameworkCore.Database.Command|Executed DbCommand (55ms) [Parameters=[], CommandType='Text', CommandTimeout='30']
CREATE TABLE [__EFMigrationsHistory] (
    [MigrationId] nvarchar(150) NOT NULL,
    [ProductVersion] nvarchar(32) NOT NULL,
    CONSTRAINT [PK___EFMigrationsHistory] PRIMARY KEY ([MigrationId])
);
2021-03-29 09:47:01.5946|INFO|Microsoft.EntityFrameworkCore.Database.Command|Executed DbCommand (4ms) [Parameters=[], CommandType='Text', CommandTimeout='30']
SELECT OBJECT_ID(N'[__EFMigrationsHistory]');
2021-03-29 09:47:01.5946|INFO|Microsoft.EntityFrameworkCore.Database.Command|Executed DbCommand (2ms) [Parameters=[], CommandType='Text', CommandTimeout='30']
SELECT [MigrationId], [ProductVersion]
FROM [__EFMigrationsHistory]
ORDER BY [MigrationId];
2021-03-29 09:47:01.6189|INFO|Microsoft.EntityFrameworkCore.Migrations|Applying migration '20210329040929_CityInfoDBInitialigration'.
2021-03-29 09:47:01.6385|INFO|Microsoft.EntityFrameworkCore.Database.Command|Executed DbCommand (2ms) [Parameters=[], CommandType='Text', CommandTimeout='30']
CREATE TABLE [Cities] (
    [Id] int NOT NULL IDENTITY,
    [Name] nvarchar(50) NOT NULL,
    [Description] nvarchar(200) NULL,
    CONSTRAINT [PK_Cities] PRIMARY KEY ([Id])
);
2021-03-29 09:47:01.6455|INFO|Microsoft.EntityFrameworkCore.Database.Command|Executed DbCommand (3ms) [Parameters=[], CommandType='Text', CommandTimeout='30']
CREATE TABLE [PointsOfInterest] (
    [Id] int NOT NULL IDENTITY,
    [Name] nvarchar(50) NOT NULL,
    [Description] nvarchar(200) NULL,
    [CityId] int NOT NULL,
    CONSTRAINT [PK_PointsOfInterest] PRIMARY KEY ([Id]),
    CONSTRAINT [FK_PointsOfInterest_Cities_CityId] FOREIGN KEY ([CityId]) REFERENCES [Cities] ([Id]) ON DELETE CASCADE
);
2021-03-29 09:47:01.6455|INFO|Microsoft.EntityFrameworkCore.Database.Command|Executed DbCommand (2ms) [Parameters=[], CommandType='Text', CommandTimeout='30']
CREATE INDEX [IX_PointsOfInterest_CityId] ON [PointsOfInterest] ([CityId]);
2021-03-29 09:47:01.6593|INFO|Microsoft.EntityFrameworkCore.Database.Command|Executed DbCommand (2ms) [Parameters=[], CommandType='Text', CommandTimeout='30']
INSERT INTO [__EFMigrationsHistory] ([MigrationId], [ProductVersion])
VALUES (N'20210329040929_CityInfoDBInitialigration', N'2.1.14-servicing-32113');
2021-03-29 09:47:06.9334|INFO|Microsoft.EntityFrameworkCore.Infrastructure|Entity Framework Core 2.1.14-servicing-32113 initialized 'CityInfoContext' using provider 'Microsoft.EntityFrameworkCore.SqlServer' with options: None
2021-03-29 09:47:10.1007|INFO|Microsoft.EntityFrameworkCore.Database.Command|Executed DbCommand (3ms) [Parameters=[], CommandType='Text', CommandTimeout='60']
IF SERVERPROPERTY('EngineEdition') <> 5
BEGIN
    ALTER DATABASE [CityInfoDb] SET SINGLE_USER WITH ROLLBACK IMMEDIATE;
END;
2021-03-29 09:47:10.4399|INFO|Microsoft.EntityFrameworkCore.Database.Command|Executed DbCommand (336ms) [Parameters=[], CommandType='Text', CommandTimeout='60']
DROP DATABASE [CityInfoDb];
2021-03-29 09:47:21.6780|INFO|Microsoft.EntityFrameworkCore.Database.Command|Executed DbCommand (1,210ms) [Parameters=[], CommandType='Text', CommandTimeout='60']
CREATE DATABASE [CityInfoDb];
2021-03-29 09:47:21.8938|INFO|Microsoft.EntityFrameworkCore.Database.Command|Executed DbCommand (214ms) [Parameters=[], CommandType='Text', CommandTimeout='60']
IF SERVERPROPERTY('EngineEdition') <> 5
BEGIN
    ALTER DATABASE [CityInfoDb] SET READ_COMMITTED_SNAPSHOT ON;
END;
2021-03-29 09:47:21.9748|INFO|Microsoft.EntityFrameworkCore.Database.Command|Executed DbCommand (8ms) [Parameters=[], CommandType='Text', CommandTimeout='30']
CREATE TABLE [__EFMigrationsHistory] (
    [MigrationId] nvarchar(150) NOT NULL,
    [ProductVersion] nvarchar(32) NOT NULL,
    CONSTRAINT [PK___EFMigrationsHistory] PRIMARY KEY ([MigrationId])
);
2021-03-29 09:47:21.9748|INFO|Microsoft.EntityFrameworkCore.Database.Command|Executed DbCommand (4ms) [Parameters=[], CommandType='Text', CommandTimeout='30']
SELECT OBJECT_ID(N'[__EFMigrationsHistory]');
2021-03-29 09:47:21.9838|INFO|Microsoft.EntityFrameworkCore.Database.Command|Executed DbCommand (2ms) [Parameters=[], CommandType='Text', CommandTimeout='30']
SELECT [MigrationId], [ProductVersion]
FROM [__EFMigrationsHistory]
ORDER BY [MigrationId];
2021-03-29 09:47:21.9838|INFO|Microsoft.EntityFrameworkCore.Migrations|Applying migration '20210329040929_CityInfoDBInitialigration'.
2021-03-29 09:47:22.0133|INFO|Microsoft.EntityFrameworkCore.Database.Command|Executed DbCommand (2ms) [Parameters=[], CommandType='Text', CommandTimeout='30']
CREATE TABLE [Cities] (
    [Id] int NOT NULL IDENTITY,
    [Name] nvarchar(50) NOT NULL,
    [Description] nvarchar(200) NULL,
    CONSTRAINT [PK_Cities] PRIMARY KEY ([Id])
);
2021-03-29 09:47:22.0177|INFO|Microsoft.EntityFrameworkCore.Database.Command|Executed DbCommand (3ms) [Parameters=[], CommandType='Text', CommandTimeout='30']
CREATE TABLE [PointsOfInterest] (
    [Id] int NOT NULL IDENTITY,
    [Name] nvarchar(50) NOT NULL,
    [Description] nvarchar(200) NULL,
    [CityId] int NOT NULL,
    CONSTRAINT [PK_PointsOfInterest] PRIMARY KEY ([Id]),
    CONSTRAINT [FK_PointsOfInterest_Cities_CityId] FOREIGN KEY ([CityId]) REFERENCES [Cities] ([Id]) ON DELETE CASCADE
);
2021-03-29 09:47:22.0177|INFO|Microsoft.EntityFrameworkCore.Database.Command|Executed DbCommand (1ms) [Parameters=[], CommandType='Text', CommandTimeout='30']
CREATE INDEX [IX_PointsOfInterest_CityId] ON [PointsOfInterest] ([CityId]);
2021-03-29 09:47:22.0177|INFO|Microsoft.EntityFrameworkCore.Database.Command|Executed DbCommand (3ms) [Parameters=[], CommandType='Text', CommandTimeout='30']
INSERT INTO [__EFMigrationsHistory] ([MigrationId], [ProductVersion])
VALUES (N'20210329040929_CityInfoDBInitialigration', N'2.1.14-servicing-32113');
2021-03-29 09:52:34.2745|INFO|Microsoft.EntityFrameworkCore.Infrastructure|Entity Framework Core 2.1.14-servicing-32113 initialized 'CityInfoContext' using provider 'Microsoft.EntityFrameworkCore.SqlServer' with options: None
2021-03-29 09:52:38.4302|INFO|Microsoft.EntityFrameworkCore.Database.Command|Executed DbCommand (29ms) [Parameters=[], CommandType='Text', CommandTimeout='60']
IF SERVERPROPERTY('EngineEdition') <> 5
BEGIN
    ALTER DATABASE [CityInfoDb] SET SINGLE_USER WITH ROLLBACK IMMEDIATE;
END;
2021-03-29 09:52:38.6820|INFO|Microsoft.EntityFrameworkCore.Database.Command|Executed DbCommand (240ms) [Parameters=[], CommandType='Text', CommandTimeout='60']
DROP DATABASE [CityInfoDb];
2021-03-29 09:52:49.1155|INFO|Microsoft.EntityFrameworkCore.Infrastructure|Entity Framework Core 2.1.14-servicing-32113 initialized 'CityInfoContext' using provider 'Microsoft.EntityFrameworkCore.SqlServer' with options: None
2021-03-29 09:53:03.2842|INFO|Microsoft.EntityFrameworkCore.Database.Command|Executed DbCommand (1,121ms) [Parameters=[], CommandType='Text', CommandTimeout='60']
CREATE DATABASE [CityInfoDb];
2021-03-29 09:53:03.5106|INFO|Microsoft.EntityFrameworkCore.Database.Command|Executed DbCommand (222ms) [Parameters=[], CommandType='Text', CommandTimeout='60']
IF SERVERPROPERTY('EngineEdition') <> 5
BEGIN
    ALTER DATABASE [CityInfoDb] SET READ_COMMITTED_SNAPSHOT ON;
END;
2021-03-29 09:53:03.5979|INFO|Microsoft.EntityFrameworkCore.Database.Command|Executed DbCommand (8ms) [Parameters=[], CommandType='Text', CommandTimeout='30']
CREATE TABLE [__EFMigrationsHistory] (
    [MigrationId] nvarchar(150) NOT NULL,
    [ProductVersion] nvarchar(32) NOT NULL,
    CONSTRAINT [PK___EFMigrationsHistory] PRIMARY KEY ([MigrationId])
);
2021-03-29 09:53:03.5979|INFO|Microsoft.EntityFrameworkCore.Database.Command|Executed DbCommand (3ms) [Parameters=[], CommandType='Text', CommandTimeout='30']
SELECT OBJECT_ID(N'[__EFMigrationsHistory]');
2021-03-29 09:53:03.5979|INFO|Microsoft.EntityFrameworkCore.Database.Command|Executed DbCommand (2ms) [Parameters=[], CommandType='Text', CommandTimeout='30']
SELECT [MigrationId], [ProductVersion]
FROM [__EFMigrationsHistory]
ORDER BY [MigrationId];
2021-03-29 09:53:03.6149|INFO|Microsoft.EntityFrameworkCore.Migrations|Applying migration '20210329040929_CityInfoDBInitialigration'.
2021-03-29 09:53:03.6320|INFO|Microsoft.EntityFrameworkCore.Database.Command|Executed DbCommand (2ms) [Parameters=[], CommandType='Text', CommandTimeout='30']
CREATE TABLE [Cities] (
    [Id] int NOT NULL IDENTITY,
    [Name] nvarchar(50) NOT NULL,
    [Description] nvarchar(200) NULL,
    CONSTRAINT [PK_Cities] PRIMARY KEY ([Id])
);
2021-03-29 09:53:03.6320|INFO|Microsoft.EntityFrameworkCore.Database.Command|Executed DbCommand (3ms) [Parameters=[], CommandType='Text', CommandTimeout='30']
CREATE TABLE [PointsOfInterest] (
    [Id] int NOT NULL IDENTITY,
    [Name] nvarchar(50) NOT NULL,
    [Description] nvarchar(200) NULL,
    [CityId] int NOT NULL,
    CONSTRAINT [PK_PointsOfInterest] PRIMARY KEY ([Id]),
    CONSTRAINT [FK_PointsOfInterest_Cities_CityId] FOREIGN KEY ([CityId]) REFERENCES [Cities] ([Id]) ON DELETE CASCADE
);
2021-03-29 09:53:03.6320|INFO|Microsoft.EntityFrameworkCore.Database.Command|Executed DbCommand (1ms) [Parameters=[], CommandType='Text', CommandTimeout='30']
CREATE INDEX [IX_PointsOfInterest_CityId] ON [PointsOfInterest] ([CityId]);
2021-03-29 09:53:03.6431|INFO|Microsoft.EntityFrameworkCore.Database.Command|Executed DbCommand (4ms) [Parameters=[], CommandType='Text', CommandTimeout='30']
INSERT INTO [__EFMigrationsHistory] ([MigrationId], [ProductVersion])
VALUES (N'20210329040929_CityInfoDBInitialigration', N'2.1.14-servicing-32113');
2021-03-29 09:53:07.8265|INFO|Microsoft.EntityFrameworkCore.Infrastructure|Entity Framework Core 2.1.14-servicing-32113 initialized 'CityInfoContext' using provider 'Microsoft.EntityFrameworkCore.SqlServer' with options: None
2021-03-29 09:53:19.4768|INFO|Microsoft.EntityFrameworkCore.Infrastructure|Entity Framework Core 2.1.14-servicing-32113 initialized 'CityInfoContext' using provider 'Microsoft.EntityFrameworkCore.SqlServer' with options: None
2021-03-29 09:53:27.6856|INFO|Microsoft.EntityFrameworkCore.Database.Command|Executed DbCommand (284ms) [Parameters=[], CommandType='Text', CommandTimeout='60']
IF SERVERPROPERTY('EngineEdition') <> 5
BEGIN
    ALTER DATABASE [CityInfoDb] SET SINGLE_USER WITH ROLLBACK IMMEDIATE;
END;
2021-03-29 09:53:28.1327|INFO|Microsoft.EntityFrameworkCore.Database.Command|Executed DbCommand (437ms) [Parameters=[], CommandType='Text', CommandTimeout='60']
DROP DATABASE [CityInfoDb];
